0 info it worked if it ends with ok
1 verbose cli [ '/Users/yuakira/.nvm/versions/node/v7.7.3/bin/node',
1 verbose cli   '/Users/yuakira/.nvm/versions/node/v7.7.3/bin/npm',
1 verbose cli   'run',
1 verbose cli   'pro' ]
2 info using npm@4.1.2
3 info using node@v7.7.3
4 verbose run-script [ 'prepro', 'pro', 'postpro' ]
5 info lifecycle bgg@1.0.0~prepro: bgg@1.0.0
6 silly lifecycle bgg@1.0.0~prepro: no script for prepro, continuing
7 info lifecycle bgg@1.0.0~pro: bgg@1.0.0
8 verbose lifecycle bgg@1.0.0~pro: unsafe-perm in lifecycle true
9 verbose lifecycle bgg@1.0.0~pro: PATH: /Users/yuakira/.nvm/versions/node/v7.7.3/lib/node_modules/npm/bin/node-gyp-bin:/Users/yuakira/dev/projects/rocket/node_modules/.bin:/usr/local/mongodb/bin:/Users/yuakira/.nvm/versions/node/v7.7.3/bin:/usr/local/bin:/usr/bin:/bin:/usr/sbin:/sbin
10 verbose lifecycle bgg@1.0.0~pro: CWD: /Users/yuakira/dev/projects/rocket
11 silly lifecycle bgg@1.0.0~pro: Args: [ '-c', 'gulp pro' ]
12 silly lifecycle bgg@1.0.0~pro: Returned: code: 1  signal: null
13 info lifecycle bgg@1.0.0~pro: Failed to exec pro script
14 verbose stack Error: bgg@1.0.0 pro: `gulp pro`
14 verbose stack Exit status 1
14 verbose stack     at EventEmitter.<anonymous> (/Users/yuakira/.nvm/versions/node/v7.7.3/lib/node_modules/npm/lib/utils/lifecycle.js:279:16)
14 verbose stack     at emitTwo (events.js:106:13)
14 verbose stack     at EventEmitter.emit (events.js:194:7)
14 verbose stack     at ChildProcess.<anonymous> (/Users/yuakira/.nvm/versions/node/v7.7.3/lib/node_modules/npm/lib/utils/spawn.js:40:14)
14 verbose stack     at emitTwo (events.js:106:13)
14 verbose stack     at ChildProcess.emit (events.js:194:7)
14 verbose stack     at maybeClose (internal/child_process.js:899:16)
14 verbose stack     at Process.ChildProcess._handle.onexit (internal/child_process.js:226:5)
15 verbose pkgid bgg@1.0.0
16 verbose cwd /Users/yuakira/dev/projects/rocket
17 error Darwin 19.6.0
18 error argv "/Users/yuakira/.nvm/versions/node/v7.7.3/bin/node" "/Users/yuakira/.nvm/versions/node/v7.7.3/bin/npm" "run" "pro"
19 error node v7.7.3
20 error npm  v4.1.2
21 error code ELIFECYCLE
22 error bgg@1.0.0 pro: `gulp pro`
22 error Exit status 1
23 error Failed at the bgg@1.0.0 pro script 'gulp pro'.
23 error Make sure you have the latest version of node.js and npm installed.
23 error If you do, this is most likely a problem with the bgg package,
23 error not with npm itself.
23 error Tell the author that this fails on your system:
23 error     gulp pro
23 error You can get information on how to open an issue for this project with:
23 error     npm bugs bgg
23 error Or if that isn't available, you can get their info via:
23 error     npm owner ls bgg
23 error There is likely additional logging output above.
24 verbose exit [ 1, true ]
